{"/Users/iamladi/Projects/claude-code-plugins/workflows-plugin/.worktrees/feat-workflows-tdd-migration/src/core/error-detector.ts": {"path":"/Users/iamladi/Projects/claude-code-plugins/workflows-plugin/.worktrees/feat-workflows-tdd-migration/src/core/error-detector.ts","all":false,"statementMap":{"7":{"start":{"line":8,"column":0},"end":{"line":8,"column":36}},"23":{"start":{"line":24,"column":0},"end":{"line":24,"column":50}},"24":{"start":{"line":25,"column":0},"end":{"line":25,"column":55}},"25":{"start":{"line":26,"column":0},"end":{"line":26,"column":1}},"30":{"start":{"line":31,"column":0},"end":{"line":31,"column":64}},"31":{"start":{"line":32,"column":0},"end":{"line":32,"column":10}},"32":{"start":{"line":33,"column":0},"end":{"line":33,"column":24}},"33":{"start":{"line":34,"column":0},"end":{"line":34,"column":18}},"34":{"start":{"line":35,"column":0},"end":{"line":35,"column":4}},"35":{"start":{"line":36,"column":0},"end":{"line":36,"column":1}},"45":{"start":{"line":46,"column":0},"end":{"line":46,"column":28}},"46":{"start":{"line":47,"column":0},"end":{"line":47,"column":28}},"47":{"start":{"line":48,"column":0},"end":{"line":48,"column":23}},"48":{"start":{"line":49,"column":0},"end":{"line":49,"column":15}},"49":{"start":{"line":50,"column":0},"end":{"line":50,"column":25}},"50":{"start":{"line":51,"column":0},"end":{"line":51,"column":46}},"52":{"start":{"line":53,"column":0},"end":{"line":53,"column":44}},"53":{"start":{"line":54,"column":0},"end":{"line":54,"column":42}},"54":{"start":{"line":55,"column":0},"end":{"line":55,"column":12}},"55":{"start":{"line":56,"column":0},"end":{"line":56,"column":37}},"56":{"start":{"line":57,"column":0},"end":{"line":57,"column":18}},"57":{"start":{"line":58,"column":0},"end":{"line":58,"column":35}},"58":{"start":{"line":59,"column":0},"end":{"line":59,"column":29}},"59":{"start":{"line":60,"column":0},"end":{"line":60,"column":8}},"60":{"start":{"line":61,"column":0},"end":{"line":61,"column":6}},"61":{"start":{"line":62,"column":0},"end":{"line":62,"column":3}},"64":{"start":{"line":65,"column":0},"end":{"line":65,"column":10}},"65":{"start":{"line":66,"column":0},"end":{"line":66,"column":19}},"66":{"start":{"line":67,"column":0},"end":{"line":67,"column":16}},"67":{"start":{"line":68,"column":0},"end":{"line":68,"column":33}},"68":{"start":{"line":69,"column":0},"end":{"line":69,"column":20}},"69":{"start":{"line":70,"column":0},"end":{"line":70,"column":6}},"70":{"start":{"line":71,"column":0},"end":{"line":71,"column":4}},"71":{"start":{"line":72,"column":0},"end":{"line":72,"column":1}},"76":{"start":{"line":77,"column":0},"end":{"line":77,"column":58}},"77":{"start":{"line":78,"column":0},"end":{"line":78,"column":36}},"78":{"start":{"line":79,"column":0},"end":{"line":79,"column":1}},"83":{"start":{"line":84,"column":0},"end":{"line":84,"column":67}},"84":{"start":{"line":85,"column":0},"end":{"line":85,"column":37}},"85":{"start":{"line":86,"column":0},"end":{"line":86,"column":32}},"86":{"start":{"line":87,"column":0},"end":{"line":87,"column":3}},"87":{"start":{"line":88,"column":0},"end":{"line":88,"column":59}},"88":{"start":{"line":89,"column":0},"end":{"line":89,"column":1}},"93":{"start":{"line":94,"column":0},"end":{"line":94,"column":67}},"94":{"start":{"line":95,"column":0},"end":{"line":95,"column":38}},"95":{"start":{"line":96,"column":0},"end":{"line":96,"column":1}},"112":{"start":{"line":113,"column":0},"end":{"line":113,"column":63}},"113":{"start":{"line":114,"column":0},"end":{"line":114,"column":41}},"115":{"start":{"line":116,"column":0},"end":{"line":116,"column":88}},"116":{"start":{"line":117,"column":0},"end":{"line":117,"column":27}},"117":{"start":{"line":118,"column":0},"end":{"line":118,"column":3}},"118":{"start":{"line":119,"column":0},"end":{"line":119,"column":79}},"119":{"start":{"line":120,"column":0},"end":{"line":120,"column":26}},"120":{"start":{"line":121,"column":0},"end":{"line":121,"column":3}},"121":{"start":{"line":122,"column":0},"end":{"line":122,"column":69}},"122":{"start":{"line":123,"column":0},"end":{"line":123,"column":24}},"123":{"start":{"line":124,"column":0},"end":{"line":124,"column":3}},"124":{"start":{"line":125,"column":0},"end":{"line":125,"column":72}},"125":{"start":{"line":126,"column":0},"end":{"line":126,"column":24}},"126":{"start":{"line":127,"column":0},"end":{"line":127,"column":3}},"127":{"start":{"line":128,"column":0},"end":{"line":128,"column":75}},"128":{"start":{"line":129,"column":0},"end":{"line":129,"column":21}},"129":{"start":{"line":130,"column":0},"end":{"line":130,"column":3}},"130":{"start":{"line":131,"column":0},"end":{"line":131,"column":76}},"131":{"start":{"line":132,"column":0},"end":{"line":132,"column":27}},"132":{"start":{"line":133,"column":0},"end":{"line":133,"column":3}},"134":{"start":{"line":135,"column":0},"end":{"line":135,"column":19}},"135":{"start":{"line":136,"column":0},"end":{"line":136,"column":1}},"148":{"start":{"line":149,"column":0},"end":{"line":149,"column":69}},"149":{"start":{"line":150,"column":0},"end":{"line":150,"column":10}},"150":{"start":{"line":151,"column":0},"end":{"line":151,"column":24}},"151":{"start":{"line":152,"column":0},"end":{"line":152,"column":23}},"152":{"start":{"line":153,"column":0},"end":{"line":153,"column":21}},"153":{"start":{"line":154,"column":0},"end":{"line":154,"column":18}},"154":{"start":{"line":155,"column":0},"end":{"line":155,"column":4}},"155":{"start":{"line":156,"column":0},"end":{"line":156,"column":1}},"172":{"start":{"line":173,"column":0},"end":{"line":173,"column":40}},"173":{"start":{"line":174,"column":0},"end":{"line":174,"column":33}},"174":{"start":{"line":175,"column":0},"end":{"line":175,"column":23}},"175":{"start":{"line":176,"column":0},"end":{"line":176,"column":21}},"176":{"start":{"line":177,"column":0},"end":{"line":177,"column":23}},"177":{"start":{"line":178,"column":0},"end":{"line":178,"column":24}},"178":{"start":{"line":179,"column":0},"end":{"line":179,"column":46}},"179":{"start":{"line":180,"column":0},"end":{"line":180,"column":56}},"181":{"start":{"line":182,"column":0},"end":{"line":182,"column":59}},"182":{"start":{"line":183,"column":0},"end":{"line":183,"column":98}},"184":{"start":{"line":185,"column":0},"end":{"line":185,"column":64}},"185":{"start":{"line":186,"column":0},"end":{"line":186,"column":73}},"187":{"start":{"line":188,"column":0},"end":{"line":188,"column":55}},"188":{"start":{"line":189,"column":0},"end":{"line":189,"column":64}},"190":{"start":{"line":191,"column":0},"end":{"line":191,"column":10}},"191":{"start":{"line":192,"column":0},"end":{"line":192,"column":45}},"192":{"start":{"line":193,"column":0},"end":{"line":193,"column":90}},"193":{"start":{"line":194,"column":0},"end":{"line":194,"column":16}},"194":{"start":{"line":195,"column":0},"end":{"line":195,"column":33}},"195":{"start":{"line":196,"column":0},"end":{"line":196,"column":36}},"196":{"start":{"line":197,"column":0},"end":{"line":197,"column":38}},"197":{"start":{"line":198,"column":0},"end":{"line":198,"column":32}},"198":{"start":{"line":199,"column":0},"end":{"line":199,"column":6}},"199":{"start":{"line":200,"column":0},"end":{"line":200,"column":4}},"200":{"start":{"line":201,"column":0},"end":{"line":201,"column":1}}},"s":{"7":1,"23":1,"24":37,"25":37,"30":1,"31":11,"32":11,"33":11,"34":11,"35":11,"45":1,"46":14,"47":14,"48":14,"49":14,"50":14,"52":14,"53":5,"54":5,"55":5,"56":5,"57":5,"58":5,"59":5,"60":5,"61":5,"64":9,"65":9,"66":9,"67":9,"68":9,"69":9,"70":9,"71":9,"76":1,"77":1,"78":1,"83":1,"84":2,"85":1,"86":1,"87":1,"88":1,"93":1,"94":2,"95":2,"112":1,"113":29,"115":29,"116":12,"117":12,"118":29,"119":3,"120":3,"121":29,"122":2,"123":2,"124":29,"125":2,"126":2,"127":29,"128":2,"129":2,"130":29,"131":2,"132":2,"134":6,"135":6,"148":1,"149":4,"150":4,"151":4,"152":4,"153":4,"154":4,"155":4,"172":1,"173":16,"174":16,"175":16,"176":16,"177":16,"178":16,"179":16,"181":16,"182":16,"184":16,"185":16,"187":16,"188":16,"190":16,"191":16,"192":16,"193":16,"194":16,"195":16,"196":16,"197":16,"198":16,"199":16,"200":16},"branchMap":{"0":{"type":"branch","line":24,"loc":{"start":{"line":24,"column":7},"end":{"line":26,"column":1}},"locations":[{"start":{"line":24,"column":7},"end":{"line":26,"column":1}}]},"1":{"type":"branch","line":31,"loc":{"start":{"line":31,"column":7},"end":{"line":36,"column":1}},"locations":[{"start":{"line":31,"column":7},"end":{"line":36,"column":1}}]},"2":{"type":"branch","line":46,"loc":{"start":{"line":46,"column":7},"end":{"line":72,"column":1}},"locations":[{"start":{"line":46,"column":7},"end":{"line":72,"column":1}}]},"3":{"type":"branch","line":53,"loc":{"start":{"line":53,"column":43},"end":{"line":62,"column":3}},"locations":[{"start":{"line":53,"column":43},"end":{"line":62,"column":3}}]},"4":{"type":"branch","line":62,"loc":{"start":{"line":62,"column":2},"end":{"line":72,"column":1}},"locations":[{"start":{"line":62,"column":2},"end":{"line":72,"column":1}}]},"5":{"type":"branch","line":77,"loc":{"start":{"line":77,"column":7},"end":{"line":79,"column":1}},"locations":[{"start":{"line":77,"column":7},"end":{"line":79,"column":1}}]},"6":{"type":"branch","line":84,"loc":{"start":{"line":84,"column":7},"end":{"line":89,"column":1}},"locations":[{"start":{"line":84,"column":7},"end":{"line":89,"column":1}}]},"7":{"type":"branch","line":85,"loc":{"start":{"line":85,"column":36},"end":{"line":89,"column":1}},"locations":[{"start":{"line":85,"column":36},"end":{"line":89,"column":1}}]},"8":{"type":"branch","line":94,"loc":{"start":{"line":94,"column":7},"end":{"line":96,"column":1}},"locations":[{"start":{"line":94,"column":7},"end":{"line":96,"column":1}}]},"9":{"type":"branch","line":113,"loc":{"start":{"line":113,"column":7},"end":{"line":136,"column":1}},"locations":[{"start":{"line":113,"column":7},"end":{"line":136,"column":1}}]},"10":{"type":"branch","line":116,"loc":{"start":{"line":116,"column":40},"end":{"line":116,"column":87}},"locations":[{"start":{"line":116,"column":40},"end":{"line":116,"column":87}}]},"11":{"type":"branch","line":116,"loc":{"start":{"line":116,"column":87},"end":{"line":118,"column":3}},"locations":[{"start":{"line":116,"column":87},"end":{"line":118,"column":3}}]},"12":{"type":"branch","line":118,"loc":{"start":{"line":118,"column":2},"end":{"line":119,"column":44}},"locations":[{"start":{"line":118,"column":2},"end":{"line":119,"column":44}}]},"13":{"type":"branch","line":119,"loc":{"start":{"line":119,"column":39},"end":{"line":119,"column":78}},"locations":[{"start":{"line":119,"column":39},"end":{"line":119,"column":78}}]},"14":{"type":"branch","line":119,"loc":{"start":{"line":119,"column":78},"end":{"line":121,"column":3}},"locations":[{"start":{"line":119,"column":78},"end":{"line":121,"column":3}}]},"15":{"type":"branch","line":121,"loc":{"start":{"line":121,"column":2},"end":{"line":122,"column":37}},"locations":[{"start":{"line":121,"column":2},"end":{"line":122,"column":37}}]},"16":{"type":"branch","line":122,"loc":{"start":{"line":122,"column":32},"end":{"line":122,"column":68}},"locations":[{"start":{"line":122,"column":32},"end":{"line":122,"column":68}}]},"17":{"type":"branch","line":122,"loc":{"start":{"line":122,"column":68},"end":{"line":124,"column":3}},"locations":[{"start":{"line":122,"column":68},"end":{"line":124,"column":3}}]},"18":{"type":"branch","line":124,"loc":{"start":{"line":124,"column":2},"end":{"line":125,"column":43}},"locations":[{"start":{"line":124,"column":2},"end":{"line":125,"column":43}}]},"19":{"type":"branch","line":125,"loc":{"start":{"line":125,"column":38},"end":{"line":125,"column":71}},"locations":[{"start":{"line":125,"column":38},"end":{"line":125,"column":71}}]},"20":{"type":"branch","line":125,"loc":{"start":{"line":125,"column":71},"end":{"line":127,"column":3}},"locations":[{"start":{"line":125,"column":71},"end":{"line":127,"column":3}}]},"21":{"type":"branch","line":127,"loc":{"start":{"line":127,"column":2},"end":{"line":128,"column":40}},"locations":[{"start":{"line":127,"column":2},"end":{"line":128,"column":40}}]},"22":{"type":"branch","line":128,"loc":{"start":{"line":128,"column":35},"end":{"line":128,"column":74}},"locations":[{"start":{"line":128,"column":35},"end":{"line":128,"column":74}}]},"23":{"type":"branch","line":128,"loc":{"start":{"line":128,"column":74},"end":{"line":130,"column":3}},"locations":[{"start":{"line":128,"column":74},"end":{"line":130,"column":3}}]},"24":{"type":"branch","line":130,"loc":{"start":{"line":130,"column":2},"end":{"line":131,"column":40}},"locations":[{"start":{"line":130,"column":2},"end":{"line":131,"column":40}}]},"25":{"type":"branch","line":131,"loc":{"start":{"line":131,"column":35},"end":{"line":131,"column":75}},"locations":[{"start":{"line":131,"column":35},"end":{"line":131,"column":75}}]},"26":{"type":"branch","line":131,"loc":{"start":{"line":131,"column":75},"end":{"line":133,"column":3}},"locations":[{"start":{"line":131,"column":75},"end":{"line":133,"column":3}}]},"27":{"type":"branch","line":133,"loc":{"start":{"line":133,"column":2},"end":{"line":136,"column":1}},"locations":[{"start":{"line":133,"column":2},"end":{"line":136,"column":1}}]},"28":{"type":"branch","line":149,"loc":{"start":{"line":149,"column":7},"end":{"line":156,"column":1}},"locations":[{"start":{"line":149,"column":7},"end":{"line":156,"column":1}}]},"29":{"type":"branch","line":173,"loc":{"start":{"line":173,"column":7},"end":{"line":201,"column":1}},"locations":[{"start":{"line":173,"column":7},"end":{"line":201,"column":1}}]},"30":{"type":"branch","line":183,"loc":{"start":{"line":183,"column":52},"end":{"line":183,"column":98}},"locations":[{"start":{"line":183,"column":52},"end":{"line":183,"column":98}}]},"31":{"type":"branch","line":185,"loc":{"start":{"line":185,"column":24},"end":{"line":185,"column":62}},"locations":[{"start":{"line":185,"column":24},"end":{"line":185,"column":62}}]},"32":{"type":"branch","line":185,"loc":{"start":{"line":185,"column":58},"end":{"line":185,"column":64}},"locations":[{"start":{"line":185,"column":58},"end":{"line":185,"column":64}}]},"33":{"type":"branch","line":186,"loc":{"start":{"line":186,"column":27},"end":{"line":186,"column":71}},"locations":[{"start":{"line":186,"column":27},"end":{"line":186,"column":71}}]},"34":{"type":"branch","line":186,"loc":{"start":{"line":186,"column":67},"end":{"line":186,"column":73}},"locations":[{"start":{"line":186,"column":67},"end":{"line":186,"column":73}}]},"35":{"type":"branch","line":192,"loc":{"start":{"line":192,"column":13},"end":{"line":192,"column":45}},"locations":[{"start":{"line":192,"column":13},"end":{"line":192,"column":45}}]},"36":{"type":"branch","line":193,"loc":{"start":{"line":193,"column":17},"end":{"line":193,"column":48}},"locations":[{"start":{"line":193,"column":17},"end":{"line":193,"column":48}}]},"37":{"type":"branch","line":193,"loc":{"start":{"line":193,"column":32},"end":{"line":193,"column":90}},"locations":[{"start":{"line":193,"column":32},"end":{"line":193,"column":90}}]},"38":{"type":"branch","line":193,"loc":{"start":{"line":193,"column":48},"end":{"line":193,"column":85}},"locations":[{"start":{"line":193,"column":48},"end":{"line":193,"column":85}}]},"39":{"type":"branch","line":193,"loc":{"start":{"line":193,"column":66},"end":{"line":193,"column":90}},"locations":[{"start":{"line":193,"column":66},"end":{"line":193,"column":90}}]}},"b":{"0":[37],"1":[11],"2":[14],"3":[5],"4":[9],"5":[1],"6":[2],"7":[1],"8":[2],"9":[29],"10":[18],"11":[12],"12":[17],"13":[15],"14":[3],"15":[14],"16":[12],"17":[2],"18":[12],"19":[11],"20":[2],"21":[10],"22":[9],"23":[2],"24":[8],"25":[7],"26":[2],"27":[6],"28":[4],"29":[16],"30":[11],"31":[2],"32":[14],"33":[7],"34":[9],"35":[15],"36":[1],"37":[15],"38":[1],"39":[14]},"fnMap":{"0":{"name":"hashError","decl":{"start":{"line":24,"column":7},"end":{"line":26,"column":1}},"loc":{"start":{"line":24,"column":7},"end":{"line":26,"column":1}},"line":24},"1":{"name":"createStuckDetectorState","decl":{"start":{"line":31,"column":7},"end":{"line":36,"column":1}},"loc":{"start":{"line":31,"column":7},"end":{"line":36,"column":1}},"line":31},"2":{"name":"detectStuck","decl":{"start":{"line":46,"column":7},"end":{"line":72,"column":1}},"loc":{"start":{"line":46,"column":7},"end":{"line":72,"column":1}},"line":46},"3":{"name":"resetStuckDetector","decl":{"start":{"line":77,"column":7},"end":{"line":79,"column":1}},"loc":{"start":{"line":77,"column":7},"end":{"line":79,"column":1}},"line":77},"4":{"name":"getStuckStatus","decl":{"start":{"line":84,"column":7},"end":{"line":89,"column":1}},"loc":{"start":{"line":84,"column":7},"end":{"line":89,"column":1}},"line":84},"5":{"name":"hasSeenErrors","decl":{"start":{"line":94,"column":7},"end":{"line":96,"column":1}},"loc":{"start":{"line":94,"column":7},"end":{"line":96,"column":1}},"line":94},"6":{"name":"categorizeError","decl":{"start":{"line":113,"column":7},"end":{"line":136,"column":1}},"loc":{"start":{"line":113,"column":7},"end":{"line":136,"column":1}},"line":113},"7":{"name":"createCategoryAwareState","decl":{"start":{"line":149,"column":7},"end":{"line":156,"column":1}},"loc":{"start":{"line":149,"column":7},"end":{"line":156,"column":1}},"line":149},"8":{"name":"detectStuckWithCategory","decl":{"start":{"line":173,"column":7},"end":{"line":201,"column":1}},"loc":{"start":{"line":173,"column":7},"end":{"line":201,"column":1}},"line":173}},"f":{"0":37,"1":11,"2":14,"3":1,"4":2,"5":2,"6":29,"7":4,"8":16}}
,"/Users/iamladi/Projects/claude-code-plugins/workflows-plugin/.worktrees/feat-workflows-tdd-migration/src/core/phase-manager.ts": {"path":"/Users/iamladi/Projects/claude-code-plugins/workflows-plugin/.worktrees/feat-workflows-tdd-migration/src/core/phase-manager.ts","all":false,"statementMap":{"18":{"start":{"line":19,"column":0},"end":{"line":19,"column":51}},"19":{"start":{"line":20,"column":0},"end":{"line":20,"column":32}},"20":{"start":{"line":21,"column":0},"end":{"line":21,"column":39}},"21":{"start":{"line":22,"column":0},"end":{"line":22,"column":40}},"22":{"start":{"line":23,"column":0},"end":{"line":23,"column":79}},"23":{"start":{"line":24,"column":0},"end":{"line":24,"column":34}},"24":{"start":{"line":25,"column":0},"end":{"line":25,"column":31}},"25":{"start":{"line":26,"column":0},"end":{"line":26,"column":2}},"30":{"start":{"line":31,"column":0},"end":{"line":31,"column":44}},"31":{"start":{"line":32,"column":0},"end":{"line":32,"column":17}},"32":{"start":{"line":33,"column":0},"end":{"line":33,"column":23}},"33":{"start":{"line":34,"column":0},"end":{"line":34,"column":31}},"34":{"start":{"line":35,"column":0},"end":{"line":35,"column":25}},"35":{"start":{"line":36,"column":0},"end":{"line":36,"column":25}},"36":{"start":{"line":37,"column":0},"end":{"line":37,"column":19}},"37":{"start":{"line":38,"column":0},"end":{"line":38,"column":2}},"42":{"start":{"line":43,"column":0},"end":{"line":43,"column":51}},"43":{"start":{"line":44,"column":0},"end":{"line":44,"column":52}},"44":{"start":{"line":45,"column":0},"end":{"line":45,"column":60}},"45":{"start":{"line":46,"column":0},"end":{"line":46,"column":49}},"46":{"start":{"line":47,"column":0},"end":{"line":47,"column":38}},"47":{"start":{"line":48,"column":0},"end":{"line":48,"column":47}},"48":{"start":{"line":49,"column":0},"end":{"line":49,"column":42}},"49":{"start":{"line":50,"column":0},"end":{"line":50,"column":2}},"65":{"start":{"line":66,"column":0},"end":{"line":66,"column":64}},"66":{"start":{"line":67,"column":0},"end":{"line":67,"column":47}},"67":{"start":{"line":68,"column":0},"end":{"line":68,"column":45}},"68":{"start":{"line":69,"column":0},"end":{"line":69,"column":1}},"73":{"start":{"line":74,"column":0},"end":{"line":74,"column":70}},"74":{"start":{"line":75,"column":0},"end":{"line":75,"column":32}},"75":{"start":{"line":76,"column":0},"end":{"line":76,"column":40}},"76":{"start":{"line":77,"column":0},"end":{"line":77,"column":3}},"78":{"start":{"line":79,"column":0},"end":{"line":79,"column":10}},"79":{"start":{"line":80,"column":0},"end":{"line":80,"column":19}},"80":{"start":{"line":81,"column":0},"end":{"line":81,"column":12}},"81":{"start":{"line":82,"column":0},"end":{"line":82,"column":33}},"82":{"start":{"line":83,"column":0},"end":{"line":83,"column":11}},"83":{"start":{"line":84,"column":0},"end":{"line":84,"column":9}},"84":{"start":{"line":85,"column":0},"end":{"line":85,"column":131}},"85":{"start":{"line":86,"column":0},"end":{"line":86,"column":6}},"86":{"start":{"line":87,"column":0},"end":{"line":87,"column":4}},"87":{"start":{"line":88,"column":0},"end":{"line":88,"column":1}},"92":{"start":{"line":93,"column":0},"end":{"line":93,"column":60}},"93":{"start":{"line":94,"column":0},"end":{"line":94,"column":40}},"94":{"start":{"line":95,"column":0},"end":{"line":95,"column":1}},"99":{"start":{"line":100,"column":0},"end":{"line":100,"column":51}},"100":{"start":{"line":101,"column":0},"end":{"line":101,"column":53}},"101":{"start":{"line":102,"column":0},"end":{"line":102,"column":1}},"106":{"start":{"line":107,"column":0},"end":{"line":107,"column":50}},"107":{"start":{"line":108,"column":0},"end":{"line":108,"column":31}},"108":{"start":{"line":109,"column":0},"end":{"line":109,"column":1}},"113":{"start":{"line":114,"column":0},"end":{"line":114,"column":50}},"114":{"start":{"line":115,"column":0},"end":{"line":115,"column":28}},"115":{"start":{"line":116,"column":0},"end":{"line":116,"column":1}},"120":{"start":{"line":121,"column":0},"end":{"line":121,"column":52}},"121":{"start":{"line":122,"column":0},"end":{"line":122,"column":28}},"122":{"start":{"line":123,"column":0},"end":{"line":123,"column":1}},"127":{"start":{"line":128,"column":0},"end":{"line":128,"column":59}},"128":{"start":{"line":129,"column":0},"end":{"line":129,"column":35}},"129":{"start":{"line":130,"column":0},"end":{"line":130,"column":1}},"134":{"start":{"line":135,"column":0},"end":{"line":135,"column":41}},"135":{"start":{"line":136,"column":0},"end":{"line":136,"column":83}},"136":{"start":{"line":137,"column":0},"end":{"line":137,"column":1}},"141":{"start":{"line":142,"column":0},"end":{"line":142,"column":47}},"142":{"start":{"line":143,"column":0},"end":{"line":143,"column":73}},"143":{"start":{"line":144,"column":0},"end":{"line":144,"column":1}},"148":{"start":{"line":149,"column":0},"end":{"line":149,"column":56}},"149":{"start":{"line":150,"column":0},"end":{"line":150,"column":41}},"150":{"start":{"line":151,"column":0},"end":{"line":151,"column":41}},"152":{"start":{"line":153,"column":0},"end":{"line":153,"column":27}},"153":{"start":{"line":154,"column":0},"end":{"line":154,"column":49}},"154":{"start":{"line":155,"column":0},"end":{"line":155,"column":3}},"156":{"start":{"line":157,"column":0},"end":{"line":157,"column":21}},"157":{"start":{"line":158,"column":0},"end":{"line":158,"column":13}},"158":{"start":{"line":159,"column":0},"end":{"line":159,"column":3}},"161":{"start":{"line":162,"column":0},"end":{"line":162,"column":60}},"162":{"start":{"line":163,"column":0},"end":{"line":163,"column":1}},"167":{"start":{"line":168,"column":0},"end":{"line":168,"column":63}},"168":{"start":{"line":169,"column":0},"end":{"line":169,"column":41}},"169":{"start":{"line":170,"column":0},"end":{"line":170,"column":41}},"171":{"start":{"line":172,"column":0},"end":{"line":172,"column":55}},"172":{"start":{"line":173,"column":0},"end":{"line":173,"column":16}},"173":{"start":{"line":174,"column":0},"end":{"line":174,"column":3}},"175":{"start":{"line":176,"column":0},"end":{"line":176,"column":38}},"176":{"start":{"line":177,"column":0},"end":{"line":177,"column":1}},"181":{"start":{"line":182,"column":0},"end":{"line":182,"column":34}},"182":{"start":{"line":183,"column":0},"end":{"line":183,"column":20}},"183":{"start":{"line":184,"column":0},"end":{"line":184,"column":23}},"184":{"start":{"line":185,"column":0},"end":{"line":185,"column":21}},"185":{"start":{"line":186,"column":0},"end":{"line":186,"column":32}},"187":{"start":{"line":188,"column":0},"end":{"line":188,"column":38}},"188":{"start":{"line":189,"column":0},"end":{"line":189,"column":52}},"189":{"start":{"line":190,"column":0},"end":{"line":190,"column":26}},"190":{"start":{"line":191,"column":0},"end":{"line":191,"column":20}},"191":{"start":{"line":192,"column":0},"end":{"line":192,"column":5}},"192":{"start":{"line":193,"column":0},"end":{"line":193,"column":32}},"193":{"start":{"line":194,"column":0},"end":{"line":194,"column":3}},"195":{"start":{"line":196,"column":0},"end":{"line":196,"column":48}},"196":{"start":{"line":197,"column":0},"end":{"line":197,"column":1}},"215":{"start":{"line":216,"column":0},"end":{"line":216,"column":55}},"216":{"start":{"line":217,"column":0},"end":{"line":217,"column":10}},"217":{"start":{"line":218,"column":0},"end":{"line":218,"column":10}},"218":{"start":{"line":219,"column":0},"end":{"line":219,"column":30}},"219":{"start":{"line":220,"column":0},"end":{"line":220,"column":44}},"220":{"start":{"line":221,"column":0},"end":{"line":221,"column":34}},"221":{"start":{"line":222,"column":0},"end":{"line":222,"column":32}},"222":{"start":{"line":223,"column":0},"end":{"line":223,"column":32}},"223":{"start":{"line":224,"column":0},"end":{"line":224,"column":38}},"224":{"start":{"line":225,"column":0},"end":{"line":225,"column":49}},"225":{"start":{"line":226,"column":0},"end":{"line":226,"column":4}},"226":{"start":{"line":227,"column":0},"end":{"line":227,"column":1}}},"s":{"18":1,"19":1,"20":1,"21":1,"22":1,"23":1,"24":1,"25":1,"30":1,"31":1,"32":1,"33":1,"34":1,"35":1,"36":1,"37":1,"42":1,"43":1,"44":1,"45":1,"46":1,"47":1,"48":1,"49":1,"65":1,"66":27,"67":27,"68":27,"73":1,"74":11,"75":8,"76":8,"78":3,"79":3,"80":3,"81":3,"82":3,"83":3,"84":11,"85":11,"86":11,"87":11,"92":1,"93":9,"94":9,"99":1,"100":8,"101":8,"106":1,"107":5,"108":5,"113":1,"114":5,"115":5,"120":1,"121":8,"122":8,"127":1,"128":8,"129":8,"134":1,"135":1,"136":1,"141":1,"142":13,"143":13,"148":1,"149":8,"150":8,"152":8,"153":1,"154":1,"156":8,"157":0,"158":0,"161":7,"162":7,"167":1,"168":4,"169":4,"171":4,"172":2,"173":2,"175":4,"176":4,"181":1,"182":4,"183":4,"184":4,"185":4,"187":4,"188":8,"189":8,"190":1,"191":1,"192":7,"193":7,"195":3,"196":3,"215":1,"216":2,"217":2,"218":2,"219":2,"220":2,"221":2,"222":2,"223":2,"224":2,"225":2,"226":2},"branchMap":{"0":{"type":"branch","line":66,"loc":{"start":{"line":66,"column":7},"end":{"line":69,"column":1}},"locations":[{"start":{"line":66,"column":7},"end":{"line":69,"column":1}}]},"1":{"type":"branch","line":68,"loc":{"start":{"line":68,"column":34},"end":{"line":68,"column":45}},"locations":[{"start":{"line":68,"column":34},"end":{"line":68,"column":45}}]},"2":{"type":"branch","line":74,"loc":{"start":{"line":74,"column":7},"end":{"line":88,"column":1}},"locations":[{"start":{"line":74,"column":7},"end":{"line":88,"column":1}}]},"3":{"type":"branch","line":75,"loc":{"start":{"line":75,"column":31},"end":{"line":77,"column":3}},"locations":[{"start":{"line":75,"column":31},"end":{"line":77,"column":3}}]},"4":{"type":"branch","line":77,"loc":{"start":{"line":77,"column":2},"end":{"line":85,"column":122}},"locations":[{"start":{"line":77,"column":2},"end":{"line":85,"column":122}}]},"5":{"type":"branch","line":85,"loc":{"start":{"line":85,"column":117},"end":{"line":85,"column":128}},"locations":[{"start":{"line":85,"column":117},"end":{"line":85,"column":128}}]},"6":{"type":"branch","line":93,"loc":{"start":{"line":93,"column":7},"end":{"line":95,"column":1}},"locations":[{"start":{"line":93,"column":7},"end":{"line":95,"column":1}}]},"7":{"type":"branch","line":94,"loc":{"start":{"line":94,"column":32},"end":{"line":94,"column":40}},"locations":[{"start":{"line":94,"column":32},"end":{"line":94,"column":40}}]},"8":{"type":"branch","line":100,"loc":{"start":{"line":100,"column":7},"end":{"line":102,"column":1}},"locations":[{"start":{"line":100,"column":7},"end":{"line":102,"column":1}}]},"9":{"type":"branch","line":101,"loc":{"start":{"line":101,"column":19},"end":{"line":101,"column":53}},"locations":[{"start":{"line":101,"column":19},"end":{"line":101,"column":53}}]},"10":{"type":"branch","line":107,"loc":{"start":{"line":107,"column":7},"end":{"line":109,"column":1}},"locations":[{"start":{"line":107,"column":7},"end":{"line":109,"column":1}}]},"11":{"type":"branch","line":114,"loc":{"start":{"line":114,"column":7},"end":{"line":116,"column":1}},"locations":[{"start":{"line":114,"column":7},"end":{"line":116,"column":1}}]},"12":{"type":"branch","line":121,"loc":{"start":{"line":121,"column":7},"end":{"line":123,"column":1}},"locations":[{"start":{"line":121,"column":7},"end":{"line":123,"column":1}}]},"13":{"type":"branch","line":128,"loc":{"start":{"line":128,"column":7},"end":{"line":130,"column":1}},"locations":[{"start":{"line":128,"column":7},"end":{"line":130,"column":1}}]},"14":{"type":"branch","line":135,"loc":{"start":{"line":135,"column":7},"end":{"line":137,"column":1}},"locations":[{"start":{"line":135,"column":7},"end":{"line":137,"column":1}}]},"15":{"type":"branch","line":142,"loc":{"start":{"line":142,"column":7},"end":{"line":144,"column":1}},"locations":[{"start":{"line":142,"column":7},"end":{"line":144,"column":1}}]},"16":{"type":"branch","line":149,"loc":{"start":{"line":149,"column":7},"end":{"line":163,"column":1}},"locations":[{"start":{"line":149,"column":7},"end":{"line":163,"column":1}}]},"17":{"type":"branch","line":153,"loc":{"start":{"line":153,"column":26},"end":{"line":155,"column":3}},"locations":[{"start":{"line":153,"column":26},"end":{"line":155,"column":3}}]},"18":{"type":"branch","line":155,"loc":{"start":{"line":155,"column":2},"end":{"line":157,"column":20}},"locations":[{"start":{"line":155,"column":2},"end":{"line":157,"column":20}}]},"19":{"type":"branch","line":157,"loc":{"start":{"line":157,"column":20},"end":{"line":159,"column":3}},"locations":[{"start":{"line":157,"column":20},"end":{"line":159,"column":3}}]},"20":{"type":"branch","line":159,"loc":{"start":{"line":159,"column":2},"end":{"line":163,"column":1}},"locations":[{"start":{"line":159,"column":2},"end":{"line":163,"column":1}}]},"21":{"type":"branch","line":168,"loc":{"start":{"line":168,"column":7},"end":{"line":177,"column":1}},"locations":[{"start":{"line":168,"column":7},"end":{"line":177,"column":1}}]},"22":{"type":"branch","line":172,"loc":{"start":{"line":172,"column":16},"end":{"line":172,"column":54}},"locations":[{"start":{"line":172,"column":16},"end":{"line":172,"column":54}}]},"23":{"type":"branch","line":172,"loc":{"start":{"line":172,"column":54},"end":{"line":176,"column":33}},"locations":[{"start":{"line":172,"column":54},"end":{"line":176,"column":33}}]},"24":{"type":"branch","line":176,"loc":{"start":{"line":176,"column":28},"end":{"line":176,"column":38}},"locations":[{"start":{"line":176,"column":28},"end":{"line":176,"column":38}}]},"25":{"type":"branch","line":182,"loc":{"start":{"line":182,"column":7},"end":{"line":197,"column":1}},"locations":[{"start":{"line":182,"column":7},"end":{"line":197,"column":1}}]},"26":{"type":"branch","line":188,"loc":{"start":{"line":188,"column":37},"end":{"line":194,"column":3}},"locations":[{"start":{"line":188,"column":37},"end":{"line":194,"column":3}}]},"27":{"type":"branch","line":190,"loc":{"start":{"line":190,"column":25},"end":{"line":192,"column":5}},"locations":[{"start":{"line":190,"column":25},"end":{"line":192,"column":5}}]},"28":{"type":"branch","line":192,"loc":{"start":{"line":192,"column":4},"end":{"line":194,"column":3}},"locations":[{"start":{"line":192,"column":4},"end":{"line":194,"column":3}}]},"29":{"type":"branch","line":194,"loc":{"start":{"line":194,"column":2},"end":{"line":197,"column":1}},"locations":[{"start":{"line":194,"column":2},"end":{"line":197,"column":1}}]},"30":{"type":"branch","line":216,"loc":{"start":{"line":216,"column":7},"end":{"line":227,"column":1}},"locations":[{"start":{"line":216,"column":7},"end":{"line":227,"column":1}}]}},"b":{"0":[27],"1":[0],"2":[11],"3":[8],"4":[3],"5":[0],"6":[9],"7":[0],"8":[8],"9":[6],"10":[5],"11":[5],"12":[8],"13":[8],"14":[1],"15":[13],"16":[8],"17":[1],"18":[7],"19":[0],"20":[7],"21":[4],"22":[3],"23":[2],"24":[0],"25":[4],"26":[8],"27":[1],"28":[7],"29":[3],"30":[2]},"fnMap":{"0":{"name":"canTransition","decl":{"start":{"line":66,"column":7},"end":{"line":69,"column":1}},"loc":{"start":{"line":66,"column":7},"end":{"line":69,"column":1}},"line":66},"1":{"name":"transition","decl":{"start":{"line":74,"column":7},"end":{"line":88,"column":1}},"loc":{"start":{"line":74,"column":7},"end":{"line":88,"column":1}},"line":74},"2":{"name":"getValidTransitions","decl":{"start":{"line":93,"column":7},"end":{"line":95,"column":1}},"loc":{"start":{"line":93,"column":7},"end":{"line":95,"column":1}},"line":93},"3":{"name":"isTerminal","decl":{"start":{"line":100,"column":7},"end":{"line":102,"column":1}},"loc":{"start":{"line":100,"column":7},"end":{"line":102,"column":1}},"line":100},"4":{"name":"isSuccess","decl":{"start":{"line":107,"column":7},"end":{"line":109,"column":1}},"loc":{"start":{"line":107,"column":7},"end":{"line":109,"column":1}},"line":107},"5":{"name":"isFailure","decl":{"start":{"line":114,"column":7},"end":{"line":116,"column":1}},"loc":{"start":{"line":114,"column":7},"end":{"line":116,"column":1}},"line":114},"6":{"name":"getPhaseName","decl":{"start":{"line":121,"column":7},"end":{"line":123,"column":1}},"loc":{"start":{"line":121,"column":7},"end":{"line":123,"column":1}},"line":121},"7":{"name":"getPhaseDescription","decl":{"start":{"line":128,"column":7},"end":{"line":130,"column":1}},"loc":{"start":{"line":128,"column":7},"end":{"line":130,"column":1}},"line":128},"8":{"name":"getAllPhases","decl":{"start":{"line":135,"column":7},"end":{"line":137,"column":1}},"loc":{"start":{"line":135,"column":7},"end":{"line":137,"column":1}},"line":135},"9":{"name":"getHappyPathPhases","decl":{"start":{"line":142,"column":7},"end":{"line":144,"column":1}},"loc":{"start":{"line":142,"column":7},"end":{"line":144,"column":1}},"line":142},"10":{"name":"getPhaseProgress","decl":{"start":{"line":149,"column":7},"end":{"line":163,"column":1}},"loc":{"start":{"line":149,"column":7},"end":{"line":163,"column":1}},"line":149},"11":{"name":"getNextHappyPhase","decl":{"start":{"line":168,"column":7},"end":{"line":177,"column":1}},"loc":{"start":{"line":168,"column":7},"end":{"line":177,"column":1}},"line":168},"12":{"name":"transitionThrough","decl":{"start":{"line":182,"column":7},"end":{"line":197,"column":1}},"loc":{"start":{"line":182,"column":7},"end":{"line":197,"column":1}},"line":182},"13":{"name":"getPhaseInfo","decl":{"start":{"line":216,"column":7},"end":{"line":227,"column":1}},"loc":{"start":{"line":216,"column":7},"end":{"line":227,"column":1}},"line":216}},"f":{"0":27,"1":11,"2":9,"3":8,"4":5,"5":5,"6":8,"7":8,"8":1,"9":13,"10":8,"11":4,"12":4,"13":2}}
,"/Users/iamladi/Projects/claude-code-plugins/workflows-plugin/.worktrees/feat-workflows-tdd-migration/src/core/workflow-state.ts": {"path":"/Users/iamladi/Projects/claude-code-plugins/workflows-plugin/.worktrees/feat-workflows-tdd-migration/src/core/workflow-state.ts","all":false,"statementMap":{"85":{"start":{"line":86,"column":0},"end":{"line":86,"column":50}},"86":{"start":{"line":87,"column":0},"end":{"line":87,"column":10}},"87":{"start":{"line":88,"column":0},"end":{"line":88,"column":19}},"88":{"start":{"line":89,"column":0},"end":{"line":89,"column":17}},"89":{"start":{"line":90,"column":0},"end":{"line":90,"column":40}},"90":{"start":{"line":91,"column":0},"end":{"line":91,"column":4}},"91":{"start":{"line":92,"column":0},"end":{"line":92,"column":1}},"93":{"start":{"line":94,"column":0},"end":{"line":94,"column":69}},"94":{"start":{"line":95,"column":0},"end":{"line":95,"column":10}},"95":{"start":{"line":96,"column":0},"end":{"line":96,"column":19}},"96":{"start":{"line":97,"column":0},"end":{"line":97,"column":17}},"97":{"start":{"line":98,"column":0},"end":{"line":98,"column":25}},"98":{"start":{"line":99,"column":0},"end":{"line":99,"column":4}},"99":{"start":{"line":100,"column":0},"end":{"line":100,"column":1}},"107":{"start":{"line":108,"column":0},"end":{"line":108,"column":37}},"108":{"start":{"line":109,"column":0},"end":{"line":109,"column":20}},"109":{"start":{"line":110,"column":0},"end":{"line":110,"column":25}},"110":{"start":{"line":111,"column":0},"end":{"line":111,"column":21}},"111":{"start":{"line":112,"column":0},"end":{"line":112,"column":36}},"112":{"start":{"line":113,"column":0},"end":{"line":113,"column":32}},"113":{"start":{"line":114,"column":0},"end":{"line":114,"column":90}},"114":{"start":{"line":115,"column":0},"end":{"line":115,"column":3}},"115":{"start":{"line":116,"column":0},"end":{"line":116,"column":31}},"116":{"start":{"line":117,"column":0},"end":{"line":117,"column":89}},"117":{"start":{"line":118,"column":0},"end":{"line":118,"column":3}},"119":{"start":{"line":120,"column":0},"end":{"line":120,"column":10}},"120":{"start":{"line":121,"column":0},"end":{"line":121,"column":18}},"121":{"start":{"line":122,"column":0},"end":{"line":122,"column":12}},"122":{"start":{"line":123,"column":0},"end":{"line":123,"column":24}},"123":{"start":{"line":124,"column":0},"end":{"line":124,"column":13}},"124":{"start":{"line":125,"column":0},"end":{"line":125,"column":33}},"125":{"start":{"line":126,"column":0},"end":{"line":126,"column":16}},"126":{"start":{"line":127,"column":0},"end":{"line":127,"column":6}},"127":{"start":{"line":128,"column":0},"end":{"line":128,"column":4}},"128":{"start":{"line":129,"column":0},"end":{"line":129,"column":1}},"130":{"start":{"line":131,"column":0},"end":{"line":131,"column":41}},"131":{"start":{"line":132,"column":0},"end":{"line":132,"column":22}},"132":{"start":{"line":133,"column":0},"end":{"line":133,"column":40}},"133":{"start":{"line":134,"column":0},"end":{"line":134,"column":35}},"134":{"start":{"line":135,"column":0},"end":{"line":135,"column":94}},"135":{"start":{"line":136,"column":0},"end":{"line":136,"column":3}},"137":{"start":{"line":138,"column":0},"end":{"line":138,"column":10}},"138":{"start":{"line":139,"column":0},"end":{"line":139,"column":18}},"139":{"start":{"line":140,"column":0},"end":{"line":140,"column":12}},"140":{"start":{"line":141,"column":0},"end":{"line":141,"column":28}},"141":{"start":{"line":142,"column":0},"end":{"line":142,"column":27}},"142":{"start":{"line":143,"column":0},"end":{"line":143,"column":33}},"143":{"start":{"line":144,"column":0},"end":{"line":144,"column":33}},"144":{"start":{"line":145,"column":0},"end":{"line":145,"column":26}},"145":{"start":{"line":146,"column":0},"end":{"line":146,"column":25}},"146":{"start":{"line":147,"column":0},"end":{"line":147,"column":6}},"147":{"start":{"line":148,"column":0},"end":{"line":148,"column":4}},"148":{"start":{"line":149,"column":0},"end":{"line":149,"column":1}},"150":{"start":{"line":151,"column":0},"end":{"line":151,"column":36}},"151":{"start":{"line":152,"column":0},"end":{"line":152,"column":26}},"152":{"start":{"line":153,"column":0},"end":{"line":153,"column":57}},"153":{"start":{"line":154,"column":0},"end":{"line":154,"column":39}},"154":{"start":{"line":155,"column":0},"end":{"line":155,"column":85}},"155":{"start":{"line":156,"column":0},"end":{"line":156,"column":3}},"157":{"start":{"line":158,"column":0},"end":{"line":158,"column":62}},"158":{"start":{"line":159,"column":0},"end":{"line":159,"column":21}},"159":{"start":{"line":160,"column":0},"end":{"line":160,"column":68}},"160":{"start":{"line":161,"column":0},"end":{"line":161,"column":3}},"162":{"start":{"line":163,"column":0},"end":{"line":163,"column":64}},"163":{"start":{"line":164,"column":0},"end":{"line":164,"column":47}},"167":{"start":{"line":168,"column":0},"end":{"line":168,"column":44}},"169":{"start":{"line":170,"column":0},"end":{"line":170,"column":12}},"170":{"start":{"line":171,"column":0},"end":{"line":171,"column":20}},"171":{"start":{"line":172,"column":0},"end":{"line":172,"column":14}},"172":{"start":{"line":173,"column":0},"end":{"line":173,"column":17}},"173":{"start":{"line":174,"column":0},"end":{"line":174,"column":23}},"174":{"start":{"line":175,"column":0},"end":{"line":175,"column":36}},"175":{"start":{"line":176,"column":0},"end":{"line":176,"column":8}},"176":{"start":{"line":177,"column":0},"end":{"line":177,"column":6}},"177":{"start":{"line":178,"column":0},"end":{"line":178,"column":3}},"179":{"start":{"line":180,"column":0},"end":{"line":180,"column":10}},"180":{"start":{"line":181,"column":0},"end":{"line":181,"column":18}},"181":{"start":{"line":182,"column":0},"end":{"line":182,"column":12}},"182":{"start":{"line":183,"column":0},"end":{"line":183,"column":15}},"183":{"start":{"line":184,"column":0},"end":{"line":184,"column":21}},"184":{"start":{"line":185,"column":0},"end":{"line":185,"column":34}},"185":{"start":{"line":186,"column":0},"end":{"line":186,"column":6}},"186":{"start":{"line":187,"column":0},"end":{"line":187,"column":4}},"187":{"start":{"line":188,"column":0},"end":{"line":188,"column":1}},"189":{"start":{"line":190,"column":0},"end":{"line":190,"column":38}},"190":{"start":{"line":191,"column":0},"end":{"line":191,"column":27}},"191":{"start":{"line":192,"column":0},"end":{"line":192,"column":19}},"192":{"start":{"line":193,"column":0},"end":{"line":193,"column":17}},"193":{"start":{"line":194,"column":0},"end":{"line":194,"column":37}},"194":{"start":{"line":195,"column":0},"end":{"line":195,"column":39}},"195":{"start":{"line":196,"column":0},"end":{"line":196,"column":91}},"196":{"start":{"line":197,"column":0},"end":{"line":197,"column":3}},"197":{"start":{"line":198,"column":0},"end":{"line":198,"column":63}},"198":{"start":{"line":199,"column":0},"end":{"line":199,"column":84}},"199":{"start":{"line":200,"column":0},"end":{"line":200,"column":3}},"201":{"start":{"line":202,"column":0},"end":{"line":202,"column":10}},"202":{"start":{"line":203,"column":0},"end":{"line":203,"column":18}},"203":{"start":{"line":204,"column":0},"end":{"line":204,"column":12}},"204":{"start":{"line":205,"column":0},"end":{"line":205,"column":25}},"205":{"start":{"line":206,"column":0},"end":{"line":206,"column":27}},"206":{"start":{"line":207,"column":0},"end":{"line":207,"column":33}},"207":{"start":{"line":208,"column":0},"end":{"line":208,"column":33}},"208":{"start":{"line":209,"column":0},"end":{"line":209,"column":43}},"209":{"start":{"line":210,"column":0},"end":{"line":210,"column":15}},"210":{"start":{"line":211,"column":0},"end":{"line":211,"column":14}},"211":{"start":{"line":212,"column":0},"end":{"line":212,"column":20}},"212":{"start":{"line":213,"column":0},"end":{"line":213,"column":6}},"213":{"start":{"line":214,"column":0},"end":{"line":214,"column":4}},"214":{"start":{"line":215,"column":0},"end":{"line":215,"column":1}},"216":{"start":{"line":217,"column":0},"end":{"line":217,"column":35}},"217":{"start":{"line":218,"column":0},"end":{"line":218,"column":24}},"218":{"start":{"line":219,"column":0},"end":{"line":219,"column":20}},"219":{"start":{"line":220,"column":0},"end":{"line":220,"column":51}},"220":{"start":{"line":221,"column":0},"end":{"line":221,"column":36}},"221":{"start":{"line":222,"column":0},"end":{"line":222,"column":92}},"222":{"start":{"line":223,"column":0},"end":{"line":223,"column":3}},"224":{"start":{"line":225,"column":0},"end":{"line":225,"column":43}},"225":{"start":{"line":226,"column":0},"end":{"line":226,"column":49}},"226":{"start":{"line":227,"column":0},"end":{"line":227,"column":12}},"227":{"start":{"line":228,"column":0},"end":{"line":228,"column":20}},"228":{"start":{"line":229,"column":0},"end":{"line":229,"column":14}},"229":{"start":{"line":230,"column":0},"end":{"line":230,"column":24}},"230":{"start":{"line":231,"column":0},"end":{"line":231,"column":29}},"231":{"start":{"line":232,"column":0},"end":{"line":232,"column":35}},"232":{"start":{"line":233,"column":0},"end":{"line":233,"column":43}},"233":{"start":{"line":234,"column":0},"end":{"line":234,"column":78}},"234":{"start":{"line":235,"column":0},"end":{"line":235,"column":35}},"235":{"start":{"line":236,"column":0},"end":{"line":236,"column":8}},"236":{"start":{"line":237,"column":0},"end":{"line":237,"column":6}},"237":{"start":{"line":238,"column":0},"end":{"line":238,"column":3}},"239":{"start":{"line":240,"column":0},"end":{"line":240,"column":10}},"240":{"start":{"line":241,"column":0},"end":{"line":241,"column":18}},"241":{"start":{"line":242,"column":0},"end":{"line":242,"column":12}},"242":{"start":{"line":243,"column":0},"end":{"line":243,"column":15}},"243":{"start":{"line":244,"column":0},"end":{"line":244,"column":26}},"244":{"start":{"line":245,"column":0},"end":{"line":245,"column":30}},"245":{"start":{"line":246,"column":0},"end":{"line":246,"column":6}},"246":{"start":{"line":247,"column":0},"end":{"line":247,"column":4}},"247":{"start":{"line":248,"column":0},"end":{"line":248,"column":1}},"249":{"start":{"line":250,"column":0},"end":{"line":250,"column":38}},"250":{"start":{"line":251,"column":0},"end":{"line":251,"column":24}},"251":{"start":{"line":252,"column":0},"end":{"line":252,"column":15}},"252":{"start":{"line":253,"column":0},"end":{"line":253,"column":37}},"253":{"start":{"line":254,"column":0},"end":{"line":254,"column":36}},"254":{"start":{"line":255,"column":0},"end":{"line":255,"column":91}},"255":{"start":{"line":256,"column":0},"end":{"line":256,"column":3}},"257":{"start":{"line":258,"column":0},"end":{"line":258,"column":10}},"258":{"start":{"line":259,"column":0},"end":{"line":259,"column":18}},"259":{"start":{"line":260,"column":0},"end":{"line":260,"column":12}},"260":{"start":{"line":261,"column":0},"end":{"line":261,"column":25}},"261":{"start":{"line":262,"column":0},"end":{"line":262,"column":27}},"262":{"start":{"line":263,"column":0},"end":{"line":263,"column":33}},"263":{"start":{"line":264,"column":0},"end":{"line":264,"column":44}},"264":{"start":{"line":265,"column":0},"end":{"line":265,"column":33}},"265":{"start":{"line":266,"column":0},"end":{"line":266,"column":43}},"266":{"start":{"line":267,"column":0},"end":{"line":267,"column":31}},"267":{"start":{"line":268,"column":0},"end":{"line":268,"column":12}},"268":{"start":{"line":269,"column":0},"end":{"line":269,"column":6}},"269":{"start":{"line":270,"column":0},"end":{"line":270,"column":4}},"270":{"start":{"line":271,"column":0},"end":{"line":271,"column":1}},"272":{"start":{"line":273,"column":0},"end":{"line":273,"column":35}},"273":{"start":{"line":274,"column":0},"end":{"line":274,"column":23}},"274":{"start":{"line":275,"column":0},"end":{"line":275,"column":15}},"275":{"start":{"line":276,"column":0},"end":{"line":276,"column":34}},"276":{"start":{"line":277,"column":0},"end":{"line":277,"column":10}},"277":{"start":{"line":278,"column":0},"end":{"line":278,"column":18}},"278":{"start":{"line":279,"column":0},"end":{"line":279,"column":12}},"279":{"start":{"line":280,"column":0},"end":{"line":280,"column":22}},"280":{"start":{"line":281,"column":0},"end":{"line":281,"column":108}},"281":{"start":{"line":282,"column":0},"end":{"line":282,"column":33}},"282":{"start":{"line":283,"column":0},"end":{"line":283,"column":41}},"283":{"start":{"line":284,"column":0},"end":{"line":284,"column":12}},"284":{"start":{"line":285,"column":0},"end":{"line":285,"column":33}},"285":{"start":{"line":286,"column":0},"end":{"line":286,"column":6}},"286":{"start":{"line":287,"column":0},"end":{"line":287,"column":4}},"287":{"start":{"line":288,"column":0},"end":{"line":288,"column":1}},"291":{"start":{"line":292,"column":0},"end":{"line":292,"column":73}},"292":{"start":{"line":293,"column":0},"end":{"line":293,"column":57}},"293":{"start":{"line":294,"column":0},"end":{"line":294,"column":1}},"295":{"start":{"line":296,"column":0},"end":{"line":296,"column":52}},"300":{"start":{"line":301,"column":0},"end":{"line":301,"column":3}},"301":{"start":{"line":302,"column":0},"end":{"line":302,"column":28}},"303":{"start":{"line":304,"column":0},"end":{"line":304,"column":26}},"304":{"start":{"line":305,"column":0},"end":{"line":305,"column":75}},"305":{"start":{"line":306,"column":0},"end":{"line":306,"column":3}},"307":{"start":{"line":308,"column":0},"end":{"line":308,"column":27}},"308":{"start":{"line":309,"column":0},"end":{"line":309,"column":75}},"309":{"start":{"line":310,"column":0},"end":{"line":310,"column":3}},"311":{"start":{"line":312,"column":0},"end":{"line":312,"column":89}},"312":{"start":{"line":313,"column":0},"end":{"line":313,"column":40}},"313":{"start":{"line":314,"column":0},"end":{"line":314,"column":24}},"314":{"start":{"line":315,"column":0},"end":{"line":315,"column":56}},"315":{"start":{"line":316,"column":0},"end":{"line":316,"column":95}},"317":{"start":{"line":318,"column":0},"end":{"line":318,"column":64}},"318":{"start":{"line":319,"column":0},"end":{"line":319,"column":1}},"320":{"start":{"line":321,"column":0},"end":{"line":321,"column":94}},"321":{"start":{"line":322,"column":0},"end":{"line":322,"column":65}},"322":{"start":{"line":323,"column":0},"end":{"line":323,"column":1}},"324":{"start":{"line":325,"column":0},"end":{"line":325,"column":57}},"325":{"start":{"line":326,"column":0},"end":{"line":326,"column":48}},"326":{"start":{"line":327,"column":0},"end":{"line":327,"column":55}},"327":{"start":{"line":328,"column":0},"end":{"line":328,"column":1}}},"s":{"85":1,"86":4,"87":4,"88":4,"89":4,"90":4,"91":4,"93":1,"94":1,"95":1,"96":1,"97":1,"98":1,"99":1,"107":1,"108":2,"109":2,"110":2,"111":2,"112":2,"113":0,"114":0,"115":2,"116":1,"117":1,"119":1,"120":1,"121":1,"122":1,"123":1,"124":1,"125":1,"126":1,"127":1,"128":1,"130":1,"131":1,"132":1,"133":1,"134":0,"135":0,"137":1,"138":1,"139":1,"140":1,"141":1,"142":1,"143":1,"144":1,"145":1,"146":1,"147":1,"148":1,"150":1,"151":2,"152":2,"153":2,"154":0,"155":0,"157":2,"158":2,"159":0,"160":0,"162":2,"163":2,"167":2,"169":1,"170":1,"171":1,"172":1,"173":1,"174":1,"175":1,"176":1,"177":1,"179":1,"180":1,"181":1,"182":1,"183":1,"184":1,"185":1,"186":1,"187":1,"189":1,"190":2,"191":2,"192":2,"193":2,"194":2,"195":0,"196":0,"197":2,"198":1,"199":1,"201":1,"202":1,"203":1,"204":1,"205":1,"206":1,"207":1,"208":1,"209":1,"210":1,"211":1,"212":1,"213":1,"214":1,"216":1,"217":2,"218":2,"219":2,"220":2,"221":0,"222":0,"224":2,"225":2,"226":1,"227":1,"228":1,"229":1,"230":1,"231":1,"232":1,"233":1,"234":1,"235":1,"236":1,"237":1,"239":1,"240":1,"241":1,"242":1,"243":1,"244":1,"245":1,"246":1,"247":1,"249":1,"250":1,"251":1,"252":1,"253":1,"254":0,"255":0,"257":1,"258":1,"259":1,"260":1,"261":1,"262":1,"263":1,"264":1,"265":1,"266":1,"267":1,"268":1,"269":1,"270":1,"272":1,"273":1,"274":1,"275":1,"276":1,"277":1,"278":1,"279":1,"280":1,"281":1,"282":1,"283":1,"284":1,"285":1,"286":1,"287":1,"291":1,"292":2,"293":2,"295":1,"300":2,"301":2,"303":2,"304":1,"305":1,"307":2,"308":0,"309":0,"311":1,"312":1,"313":1,"314":2,"315":2,"317":2,"318":2,"320":1,"321":3,"322":3,"324":1,"325":3,"326":2,"327":2},"branchMap":{"0":{"type":"branch","line":86,"loc":{"start":{"line":86,"column":7},"end":{"line":92,"column":1}},"locations":[{"start":{"line":86,"column":7},"end":{"line":92,"column":1}}]},"1":{"type":"branch","line":94,"loc":{"start":{"line":94,"column":7},"end":{"line":100,"column":1}},"locations":[{"start":{"line":94,"column":7},"end":{"line":100,"column":1}}]},"2":{"type":"branch","line":108,"loc":{"start":{"line":108,"column":7},"end":{"line":129,"column":1}},"locations":[{"start":{"line":108,"column":7},"end":{"line":129,"column":1}}]},"3":{"type":"branch","line":113,"loc":{"start":{"line":113,"column":31},"end":{"line":115,"column":3}},"locations":[{"start":{"line":113,"column":31},"end":{"line":115,"column":3}}]},"4":{"type":"branch","line":116,"loc":{"start":{"line":116,"column":30},"end":{"line":129,"column":1}},"locations":[{"start":{"line":116,"column":30},"end":{"line":129,"column":1}}]},"5":{"type":"branch","line":131,"loc":{"start":{"line":131,"column":7},"end":{"line":149,"column":1}},"locations":[{"start":{"line":131,"column":7},"end":{"line":149,"column":1}}]},"6":{"type":"branch","line":134,"loc":{"start":{"line":134,"column":34},"end":{"line":136,"column":3}},"locations":[{"start":{"line":134,"column":34},"end":{"line":136,"column":3}}]},"7":{"type":"branch","line":151,"loc":{"start":{"line":151,"column":7},"end":{"line":188,"column":1}},"locations":[{"start":{"line":151,"column":7},"end":{"line":188,"column":1}}]},"8":{"type":"branch","line":154,"loc":{"start":{"line":154,"column":38},"end":{"line":156,"column":3}},"locations":[{"start":{"line":154,"column":38},"end":{"line":156,"column":3}}]},"9":{"type":"branch","line":159,"loc":{"start":{"line":159,"column":20},"end":{"line":161,"column":3}},"locations":[{"start":{"line":159,"column":20},"end":{"line":161,"column":3}}]},"10":{"type":"branch","line":168,"loc":{"start":{"line":168,"column":43},"end":{"line":188,"column":1}},"locations":[{"start":{"line":168,"column":43},"end":{"line":188,"column":1}}]},"11":{"type":"branch","line":190,"loc":{"start":{"line":190,"column":7},"end":{"line":215,"column":1}},"locations":[{"start":{"line":190,"column":7},"end":{"line":215,"column":1}}]},"12":{"type":"branch","line":195,"loc":{"start":{"line":195,"column":38},"end":{"line":197,"column":3}},"locations":[{"start":{"line":195,"column":38},"end":{"line":197,"column":3}}]},"13":{"type":"branch","line":198,"loc":{"start":{"line":198,"column":62},"end":{"line":215,"column":1}},"locations":[{"start":{"line":198,"column":62},"end":{"line":215,"column":1}}]},"14":{"type":"branch","line":217,"loc":{"start":{"line":217,"column":7},"end":{"line":248,"column":1}},"locations":[{"start":{"line":217,"column":7},"end":{"line":248,"column":1}}]},"15":{"type":"branch","line":221,"loc":{"start":{"line":221,"column":35},"end":{"line":223,"column":3}},"locations":[{"start":{"line":221,"column":35},"end":{"line":223,"column":3}}]},"16":{"type":"branch","line":226,"loc":{"start":{"line":226,"column":48},"end":{"line":248,"column":1}},"locations":[{"start":{"line":226,"column":48},"end":{"line":248,"column":1}}]},"17":{"type":"branch","line":250,"loc":{"start":{"line":250,"column":7},"end":{"line":271,"column":1}},"locations":[{"start":{"line":250,"column":7},"end":{"line":271,"column":1}}]},"18":{"type":"branch","line":254,"loc":{"start":{"line":254,"column":35},"end":{"line":256,"column":3}},"locations":[{"start":{"line":254,"column":35},"end":{"line":256,"column":3}}]},"19":{"type":"branch","line":273,"loc":{"start":{"line":273,"column":7},"end":{"line":288,"column":1}},"locations":[{"start":{"line":273,"column":7},"end":{"line":288,"column":1}}]},"20":{"type":"branch","line":281,"loc":{"start":{"line":281,"column":30},"end":{"line":281,"column":56}},"locations":[{"start":{"line":281,"column":30},"end":{"line":281,"column":56}}]},"21":{"type":"branch","line":292,"loc":{"start":{"line":292,"column":7},"end":{"line":294,"column":1}},"locations":[{"start":{"line":292,"column":7},"end":{"line":294,"column":1}}]},"22":{"type":"branch","line":293,"loc":{"start":{"line":293,"column":47},"end":{"line":293,"column":57}},"locations":[{"start":{"line":293,"column":47},"end":{"line":293,"column":57}}]},"23":{"type":"branch","line":296,"loc":{"start":{"line":296,"column":7},"end":{"line":319,"column":1}},"locations":[{"start":{"line":296,"column":7},"end":{"line":319,"column":1}}]},"24":{"type":"branch","line":304,"loc":{"start":{"line":304,"column":25},"end":{"line":308,"column":26}},"locations":[{"start":{"line":304,"column":25},"end":{"line":308,"column":26}}]},"25":{"type":"branch","line":308,"loc":{"start":{"line":308,"column":26},"end":{"line":310,"column":3}},"locations":[{"start":{"line":308,"column":26},"end":{"line":310,"column":3}}]},"26":{"type":"branch","line":310,"loc":{"start":{"line":310,"column":2},"end":{"line":315,"column":54}},"locations":[{"start":{"line":310,"column":2},"end":{"line":315,"column":54}}]},"27":{"type":"branch","line":315,"loc":{"start":{"line":315,"column":45},"end":{"line":315,"column":56}},"locations":[{"start":{"line":315,"column":45},"end":{"line":315,"column":56}}]},"28":{"type":"branch","line":316,"loc":{"start":{"line":316,"column":39},"end":{"line":316,"column":93}},"locations":[{"start":{"line":316,"column":39},"end":{"line":316,"column":93}}]},"29":{"type":"branch","line":316,"loc":{"start":{"line":316,"column":89},"end":{"line":316,"column":95}},"locations":[{"start":{"line":316,"column":89},"end":{"line":316,"column":95}}]},"30":{"type":"branch","line":321,"loc":{"start":{"line":321,"column":7},"end":{"line":323,"column":1}},"locations":[{"start":{"line":321,"column":7},"end":{"line":323,"column":1}}]},"31":{"type":"branch","line":322,"loc":{"start":{"line":322,"column":25},"end":{"line":322,"column":65}},"locations":[{"start":{"line":322,"column":25},"end":{"line":322,"column":65}}]},"32":{"type":"branch","line":325,"loc":{"start":{"line":325,"column":7},"end":{"line":328,"column":1}},"locations":[{"start":{"line":325,"column":7},"end":{"line":328,"column":1}}]},"33":{"type":"branch","line":326,"loc":{"start":{"line":326,"column":35},"end":{"line":326,"column":48}},"locations":[{"start":{"line":326,"column":35},"end":{"line":326,"column":48}}]},"34":{"type":"branch","line":326,"loc":{"start":{"line":326,"column":42},"end":{"line":328,"column":1}},"locations":[{"start":{"line":326,"column":42},"end":{"line":328,"column":1}}]}},"b":{"0":[4],"1":[1],"2":[2],"3":[0],"4":[1],"5":[1],"6":[0],"7":[2],"8":[0],"9":[0],"10":[1],"11":[2],"12":[0],"13":[1],"14":[2],"15":[0],"16":[1],"17":[1],"18":[0],"19":[1],"20":[0],"21":[2],"22":[1],"23":[2],"24":[1],"25":[0],"26":[1],"27":[0],"28":[1],"29":[0],"30":[3],"31":[2],"32":[3],"33":[1],"34":[2]},"fnMap":{"0":{"name":"createInitialState","decl":{"start":{"line":86,"column":7},"end":{"line":92,"column":1}},"loc":{"start":{"line":86,"column":7},"end":{"line":92,"column":1}},"line":86},"1":{"name":"createInitialStateAt","decl":{"start":{"line":94,"column":7},"end":{"line":100,"column":1}},"loc":{"start":{"line":94,"column":7},"end":{"line":100,"column":1}},"line":94},"2":{"name":"transitionToPlanning","decl":{"start":{"line":108,"column":7},"end":{"line":129,"column":1}},"loc":{"start":{"line":108,"column":7},"end":{"line":129,"column":1}},"line":108},"3":{"name":"transitionToImplementing","decl":{"start":{"line":131,"column":7},"end":{"line":149,"column":1}},"loc":{"start":{"line":131,"column":7},"end":{"line":149,"column":1}},"line":131},"4":{"name":"completeCurrentPlan","decl":{"start":{"line":151,"column":7},"end":{"line":188,"column":1}},"loc":{"start":{"line":151,"column":7},"end":{"line":188,"column":1}},"line":151},"5":{"name":"transitionToVerifying","decl":{"start":{"line":190,"column":7},"end":{"line":215,"column":1}},"loc":{"start":{"line":190,"column":7},"end":{"line":215,"column":1}},"line":190},"6":{"name":"incrementCIAttempt","decl":{"start":{"line":217,"column":7},"end":{"line":248,"column":1}},"loc":{"start":{"line":217,"column":7},"end":{"line":248,"column":1}},"line":217},"7":{"name":"transitionToCompleted","decl":{"start":{"line":250,"column":7},"end":{"line":271,"column":1}},"loc":{"start":{"line":250,"column":7},"end":{"line":271,"column":1}},"line":250},"8":{"name":"transitionToFailed","decl":{"start":{"line":273,"column":7},"end":{"line":288,"column":1}},"loc":{"start":{"line":273,"column":7},"end":{"line":288,"column":1}},"line":273},"9":{"name":"getCurrentPlan","decl":{"start":{"line":292,"column":7},"end":{"line":294,"column":1}},"loc":{"start":{"line":292,"column":7},"end":{"line":294,"column":1}},"line":292},"10":{"name":"getProgress","decl":{"start":{"line":296,"column":7},"end":{"line":319,"column":1}},"loc":{"start":{"line":296,"column":7},"end":{"line":319,"column":1}},"line":296},"11":{"name":"isTerminalState","decl":{"start":{"line":321,"column":7},"end":{"line":323,"column":1}},"loc":{"start":{"line":321,"column":7},"end":{"line":323,"column":1}},"line":321},"12":{"name":"canRetry","decl":{"start":{"line":325,"column":7},"end":{"line":328,"column":1}},"loc":{"start":{"line":325,"column":7},"end":{"line":328,"column":1}},"line":325}},"f":{"0":4,"1":1,"2":2,"3":1,"4":2,"5":2,"6":2,"7":1,"8":1,"9":2,"10":2,"11":3,"12":3}}
}
